SF:/home/f3ath/project/jessie/lib/src/algebra.dart
FN:14,Algebra.eq
FN:17,Algebra.ne
FN:20,Algebra.lt
FN:23,Algebra.le
FN:26,Algebra.gt
FN:29,Algebra.ge
FN:32,Algebra.and
FN:35,Algebra.or
FN:38,Algebra.isTruthy
FN:42,_Strict._Strict
FN:44,_Strict.isTruthy
FN:47,_Strict.eq
FN:50,_Strict.ge
FN:53,_Strict.gt
FN:56,_Strict.le
FN:59,_Strict.lt
FN:62,_Strict.ne
FN:65,_Strict.and
FN:68,_Strict.or
FN:73,_Relaxed._Relaxed
FN:75,_Relaxed.isTruthy
FN:83,_Relaxed.ge
FN:88,_Relaxed.gt
FN:93,_Relaxed.le
FN:98,_Relaxed.lt
FNDA:5,_Strict._Strict
FNDA:1,_Strict.isTruthy
FNDA:1,_Strict.eq
FNDA:1,_Strict.ge
FNDA:1,_Strict.gt
FNDA:1,_Strict.le
FNDA:1,_Strict.lt
FNDA:1,_Strict.ne
FNDA:1,_Strict.and
FNDA:1,_Strict.or
FNDA:5,_Relaxed._Relaxed
FNDA:1,_Relaxed.isTruthy
FNDA:1,_Relaxed.ge
FNDA:1,_Relaxed.gt
FNDA:1,_Relaxed.le
FNDA:1,_Relaxed.lt
FNF:25
FNH:16
DA:42,5
DA:44,1
DA:47,1
DA:48,1
DA:50,1
DA:51,1
DA:53,1
DA:54,1
DA:56,1
DA:57,1
DA:59,1
DA:60,1
DA:62,1
DA:63,1
DA:65,1
DA:66,2
DA:68,1
DA:69,2
DA:73,5
DA:75,1
DA:77,1
DA:78,1
DA:79,1
DA:80,2
DA:81,2
DA:83,1
DA:85,4
DA:86,3
DA:88,1
DA:90,4
DA:91,3
DA:93,1
DA:95,4
DA:96,3
DA:98,1
DA:100,4
DA:101,3
LF:37
LH:37
BRDA:42,0,0,0
BRDA:44,0,0,1
BRDA:47,0,0,1
BRDA:50,0,0,1
BRDA:53,0,0,1
BRDA:56,0,0,1
BRDA:59,0,0,1
BRDA:62,0,0,1
BRDA:65,0,0,1
BRDA:68,0,0,1
BRDA:73,0,0,0
BRDA:75,0,0,1
BRDA:83,0,0,1
BRDA:88,0,0,1
BRDA:93,0,0,1
BRDA:98,0,0,1
end_of_record
SF:/home/f3ath/project/jessie/lib/src/filter_not_found.dart
FN:2,FilterNotFound.FilterNotFound
FN:6,FilterNotFound.toString
FNDA:1,FilterNotFound.FilterNotFound
FNDA:1,FilterNotFound.toString
FNF:2
FNH:2
DA:2,1
DA:6,1
DA:7,1
LF:3
LH:3
BRDA:2,0,0,1
BRDA:6,0,0,1
end_of_record
SF:/home/f3ath/project/jessie/lib/src/json_path.dart
FN:33,JsonPath.JsonPath
FN:37,JsonPath._parse
FN:57,JsonPath.read
FN:65,JsonPath.readValues
FN:67,JsonPath.toString
FNDA:3,JsonPath.JsonPath
FNDA:3,JsonPath._parse
FNDA:3,JsonPath.read
FNDA:10,JsonPath.readValues
FNDA:1,JsonPath.toString
FNF:5
FNH:5
DA:33,3
DA:35,3
DA:37,3
DA:39,9
DA:40,1
DA:41,3
DA:57,3
DA:59,9
DA:61,3
DA:62,12
DA:65,10
DA:67,1
DA:68,1
LF:13
LH:13
BRDA:33,0,0,3
BRDA:37,0,0,3
BRDA:38,0,0,3
BRDA:40,0,0,1
BRDA:57,0,0,3
BRDA:65,0,0,4
BRDA:67,0,0,1
end_of_record
SF:/home/f3ath/project/jessie/lib/src/matching_context.dart
FN:5,MatchingContext.MatchingContext
FNDA:3,MatchingContext.MatchingContext
FNF:1
FNH:1
DA:5,3
LF:1
LH:1
BRDA:5,0,0,3
end_of_record
SF:/home/f3ath/project/jessie/lib/src/child_match.dart
FN:9,ChildMatch.ChildMatch.index
FN:15,ChildMatch.ChildMatch.child
FN:32,ChildMatch.context
FNDA:3,ChildMatch.ChildMatch.index
FNDA:3,ChildMatch.ChildMatch.child
FNDA:2,ChildMatch.context
FNF:3
FNH:3
DA:9,3
DA:10,6
DA:11,6
DA:12,9
DA:15,3
DA:16,6
DA:17,9
DA:18,6
DA:32,2
DA:33,4
LF:10
LH:10
BRDA:9,0,0,3
BRDA:15,0,0,3
BRDA:32,0,0,2
end_of_record
SF:/home/f3ath/project/jessie/lib/src/quote.dart
FN:2,quote
FNDA:3,quote
FNF:1
FNH:1
DA:2,3
DA:3,3
DA:5,3
DA:6,3
DA:7,3
DA:8,3
DA:9,3
DA:10,3
DA:11,3
DA:12,9
LF:10
LH:10
BRDA:2,0,0,3
end_of_record
SF:/home/f3ath/project/jessie/lib/src/grammar/expression.dart
FN:7,_build
FNDA:4,_build
FNF:1
FNH:1
DA:7,4
DA:8,2
DA:9,4
DA:10,1
DA:13,2
DA:14,2
DA:15,1
DA:19,20
DA:22,20
DA:24,16
DA:26,8
DA:27,4
DA:28,5
DA:29,5
DA:30,8
DA:33,11
DA:35,8
DA:36,7
DA:38,4
DA:39,4
DA:40,16
DA:41,16
DA:42,16
DA:43,12
DA:44,12
DA:45,4
DA:46,21
DA:48,16
DA:49,6
DA:51,4
DA:52,4
DA:53,6
DA:54,6
DA:55,6
DA:56,6
DA:57,6
DA:58,6
DA:60,4
DA:61,6
DA:63,4
DA:64,6
DA:66,4
DA:67,4
DA:68,8
DA:69,4
DA:70,4
DA:71,2
DA:72,6
DA:76,4
DA:77,12
DA:78,4
DA:79,6
DA:82,12
LF:53
LH:53
BRDA:7,0,0,4
BRDA:8,0,0,2
BRDA:9,0,0,1
BRDA:13,0,0,2
BRDA:14,0,0,1
BRDA:28,0,0,1
BRDA:29,0,0,2
BRDA:30,0,0,2
BRDA:33,0,0,2
BRDA:36,0,0,2
BRDA:46,0,0,1
BRDA:49,0,0,2
BRDA:53,0,0,1
BRDA:54,0,0,1
BRDA:55,0,0,1
BRDA:56,0,0,1
BRDA:57,0,0,1
BRDA:58,0,0,1
BRDA:61,0,0,1
BRDA:64,0,0,1
BRDA:66,0,0,4
BRDA:68,0,0,4
BRDA:71,0,0,2
BRDA:79,0,0,2
BRDA:82,0,0,8
end_of_record
SF:/home/f3ath/project/jessie/lib/src/grammar/number.dart
DA:3,8
DA:4,28
DA:6,8
DA:7,40
DA:8,4
DA:9,4
DA:11,20
LF:7
LH:7
BRDA:3,0,0,8
BRDA:6,0,0,8
BRDA:11,0,0,8
end_of_record
SF:/home/f3ath/project/jessie/lib/src/grammar/strings.dart
DA:3,12
DA:4,12
DA:6,12
DA:8,17
DA:9,17
DA:11,17
DA:12,17
DA:14,17
DA:15,17
DA:16,17
DA:17,16
DA:18,8
DA:19,8
DA:20,8
DA:21,8
DA:22,8
DA:23,4
DA:27,12
DA:30,8
DA:31,24
DA:33,12
DA:35,28
DA:36,8
DA:38,26
DA:40,8
DA:41,28
DA:42,4
DA:43,10
DA:46,8
DA:47,24
DA:49,25
DA:51,8
DA:52,28
DA:53,4
DA:54,10
DA:58,12
DA:59,8
DA:60,8
DA:61,10
DA:63,28
DA:64,10
DA:66,20
DA:68,16
DA:69,8
DA:70,8
DA:71,12
DA:72,4
DA:73,4
LF:48
LH:48
BRDA:3,0,0,8
BRDA:4,0,0,8
BRDA:6,0,0,8
BRDA:8,0,0,9
BRDA:9,0,0,9
BRDA:11,0,0,9
BRDA:12,0,0,9
BRDA:14,0,0,9
BRDA:15,0,0,9
BRDA:16,0,0,9
BRDA:17,0,0,8
BRDA:27,0,0,8
BRDA:30,0,0,8
BRDA:33,0,0,8
BRDA:35,0,0,8
BRDA:36,0,0,1
BRDA:38,0,0,10
BRDA:40,0,0,8
BRDA:43,0,0,3
BRDA:46,0,0,8
BRDA:49,0,0,9
BRDA:51,0,0,8
BRDA:54,0,0,3
BRDA:58,0,0,8
BRDA:61,0,0,3
BRDA:63,0,0,8
BRDA:64,0,0,3
BRDA:66,0,0,8
BRDA:68,0,0,8
end_of_record
SF:/home/f3ath/project/jessie/lib/src/parser_ext.dart
FN:6,ParserExt.value
FN:8,ParserExt.toMatchMapper
FNDA:11,ParserExt.value
FNDA:4,ParserExt.toMatchMapper
FNF:2
FNH:2
DA:6,11
DA:8,4
DA:9,6
LF:3
LH:3
BRDA:6,0,0,7
BRDA:8,0,0,4
BRDA:9,0,0,2
end_of_record
SF:/home/f3ath/project/jessie/lib/src/grammar/json_path.dart
DA:6,12
DA:7,4
DA:8,8
DA:9,4
DA:10,16
LF:5
LH:5
BRDA:6,0,0,8
BRDA:10,0,0,4
end_of_record
SF:/home/f3ath/project/jessie/lib/src/grammar/selector.dart
DA:17,16
DA:19,16
DA:21,16
DA:22,16
DA:23,16
DA:24,4
DA:25,15
DA:27,16
DA:29,8
DA:30,40
DA:32,8
DA:33,20
DA:35,16
DA:37,16
DA:38,8
DA:39,8
DA:40,12
DA:41,12
DA:42,8
DA:43,8
DA:44,4
DA:46,20
DA:48,28
DA:49,4
DA:50,20
DA:52,8
DA:53,20
DA:55,16
DA:57,36
DA:58,8
DA:59,8
DA:61,8
DA:63,28
DA:65,28
LF:34
LH:34
BRDA:17,0,0,8
BRDA:19,0,0,8
BRDA:21,0,0,8
BRDA:25,0,0,3
BRDA:27,0,0,8
BRDA:29,0,0,8
BRDA:32,0,0,8
BRDA:35,0,0,8
BRDA:37,0,0,8
BRDA:46,0,0,8
BRDA:48,0,0,8
BRDA:49,0,0,4
BRDA:52,0,0,8
BRDA:55,0,0,8
BRDA:57,0,0,8
BRDA:59,0,0,4
BRDA:63,0,0,8
BRDA:65,0,0,8
end_of_record
SF:/home/f3ath/project/jessie/lib/src/selector/sequence.dart
FN:5,Sequence.Sequence
FN:13,Sequence.apply
FNDA:4,Sequence.Sequence
FNDA:3,Sequence.apply
FNF:2
FNH:2
DA:5,4
DA:6,4
DA:7,3
DA:8,7
DA:9,15
DA:13,3
DA:14,9
LF:7
LH:7
BRDA:5,0,0,4
BRDA:7,0,0,3
BRDA:8,0,0,7
BRDA:9,0,0,3
BRDA:13,0,0,3
end_of_record
SF:/home/f3ath/project/jessie/lib/src/selector/array_index.dart
FN:6,ArrayIndex.ArrayIndex
FN:10,ArrayIndex.apply
FNDA:3,ArrayIndex.ArrayIndex
FNF:2
FNH:1
DA:6,3
DA:11,2
DA:12,2
DA:13,2
DA:14,9
DA:15,6
DA:16,2
LF:7
LH:7
BRDA:6,0,0,3
BRDA:11,0,0,2
BRDA:13,0,0,2
BRDA:15,0,0,2
end_of_record
SF:/home/f3ath/project/jessie/lib/src/selector/array_slice.dart
FN:8,ArraySlice.ArraySlice
FN:14,ArraySlice.apply
FN:26,_SliceIterator.iterate
FN:36,_SliceIterator._iterateForward
FN:45,_SliceIterator._iterateBackward
FN:55,_SliceIterator._low
FN:62,_SliceIterator._high
FNDA:3,ArraySlice.ArraySlice
FNDA:2,_SliceIterator.iterate
FNDA:2,_SliceIterator._iterateForward
FNDA:2,_SliceIterator._iterateBackward
FNDA:2,_SliceIterator._low
FNDA:2,_SliceIterator._high
FNF:7
FNH:6
DA:8,3
DA:15,2
DA:16,2
DA:17,2
DA:18,2
DA:19,8
DA:20,6
DA:26,2
DA:28,2
DA:29,4
DA:31,2
DA:32,2
DA:36,2
DA:38,5
DA:39,8
DA:40,4
DA:45,2
DA:47,4
DA:48,4
DA:49,4
DA:55,2
DA:56,1
DA:57,8
DA:62,2
DA:63,1
DA:64,3
DA:65,4
LF:27
LH:27
BRDA:8,0,0,3
BRDA:15,0,0,2
BRDA:17,0,0,2
BRDA:20,0,0,2
BRDA:26,0,0,2
BRDA:28,0,0,2
BRDA:31,0,0,2
BRDA:36,0,0,2
BRDA:40,0,0,2
BRDA:45,0,0,2
BRDA:49,0,0,2
BRDA:55,0,0,2
BRDA:56,0,0,1
BRDA:57,0,0,2
BRDA:62,0,0,2
BRDA:63,0,0,1
BRDA:64,0,0,1
end_of_record
SF:/home/f3ath/project/jessie/lib/src/selector/callback_filter.dart
FN:6,CallbackFilter.CallbackFilter
FN:10,CallbackFilter.apply
FNDA:1,CallbackFilter.CallbackFilter
FNDA:1,CallbackFilter.apply
FNF:2
FNH:2
DA:6,1
DA:10,1
DA:12,6
DA:13,3
LF:4
LH:4
BRDA:6,0,0,1
BRDA:10,0,0,1
end_of_record
SF:/home/f3ath/project/jessie/lib/src/selector/expression_filter.dart
FN:6,ExpressionFilter.ExpressionFilter
FN:10,ExpressionFilter.apply
FNDA:1,ExpressionFilter.ExpressionFilter
FNDA:1,ExpressionFilter.apply
FNF:2
FNH:2
DA:6,1
DA:10,1
DA:12,3
LF:3
LH:3
BRDA:6,0,0,1
BRDA:10,0,0,1
end_of_record
SF:/home/f3ath/project/jessie/lib/src/selector/field.dart
FN:6,Field.Field
FN:10,Field.apply
FNDA:4,Field.Field
FNF:2
FNH:1
DA:6,4
DA:11,3
DA:12,3
DA:13,9
DA:14,6
LF:5
LH:5
BRDA:6,0,0,4
BRDA:11,0,0,3
BRDA:13,0,0,3
end_of_record
SF:/home/f3ath/project/jessie/lib/src/selector/recursion.dart
FN:6,Recursion.Recursion
FN:8,Recursion.apply
FNDA:5,Recursion.Recursion
FNF:2
FNH:1
DA:6,5
DA:9,3
DA:12,3
DA:13,18
DA:14,6
DA:15,6
LF:6
LH:6
BRDA:6,0,0,0
BRDA:9,0,0,3
BRDA:13,0,0,3
BRDA:15,0,0,3
end_of_record
SF:/home/f3ath/project/jessie/lib/src/selector/union.dart
FN:5,Union.Union
FN:9,Union.apply
FNDA:4,Union.Union
FNDA:3,Union.apply
FNF:2
FNH:2
DA:5,4
DA:9,3
DA:11,18
LF:3
LH:3
BRDA:5,0,0,4
BRDA:9,0,0,3
BRDA:11,0,0,6
end_of_record
SF:/home/f3ath/project/jessie/lib/src/selector/wildcard.dart
FN:6,Wildcard.Wildcard
FN:8,Wildcard.apply
FNDA:12,Wildcard.Wildcard
FNF:2
FNH:1
DA:6,12
DA:9,3
DA:10,3
DA:11,3
DA:12,15
DA:14,3
DA:15,18
LF:7
LH:7
BRDA:6,0,0,2
BRDA:9,0,0,3
BRDA:11,0,0,3
BRDA:12,0,0,3
BRDA:14,0,0,3
BRDA:15,0,0,3
end_of_record
SF:/home/f3ath/project/jessie/lib/src/root_match.dart
FN:7,RootMatch.RootMatch
FNDA:3,RootMatch.RootMatch
FNF:1
FNH:1
DA:7,3
LF:1
LH:1
BRDA:7,0,0,3
end_of_record
