SF:/home/f3ath/project/lcov_tracefile/lib/src/branch_execution.dart
DA:15,1
LF:1
LH:1
end_of_record
SF:/home/f3ath/project/lcov_tracefile/lib/src/function_execution.dart
DA:9,1
LF:1
LH:1
end_of_record
SF:/home/f3ath/project/lcov_tracefile/lib/src/function_reference.dart
DA:9,1
LF:1
LH:1
end_of_record
SF:/home/f3ath/project/lcov_tracefile/lib/src/line_execution.dart
DA:12,1
LF:1
LH:1
end_of_record
SF:/home/f3ath/project/lcov_tracefile/lib/src/parser.dart
DA:11,1
DA:17,3
DA:23,1
DA:24,1
DA:25,1
DA:26,2
DA:27,5
DA:31,1
DA:33,1
DA:34,1
DA:35,1
DA:36,1
DA:37,1
DA:38,1
DA:39,1
DA:40,0
DA:41,1
DA:42,0
DA:43,1
DA:44,1
DA:45,1
DA:46,1
DA:47,1
DA:48,1
DA:49,1
DA:50,1
DA:51,1
DA:52,1
DA:53,1
DA:54,1
DA:55,1
DA:56,1
DA:58,0
DA:61,1
DA:62,3
DA:65,1
DA:66,5
DA:69,1
DA:70,7
DA:73,1
DA:74,7
DA:77,1
DA:78,7
DA:81,1
DA:82,7
DA:85,1
DA:86,7
DA:87,1
DA:88,2
DA:92,0
DA:93,0
DA:96,0
DA:97,0
DA:100,1
DA:101,7
DA:102,2
DA:103,2
DA:104,2
DA:108,1
DA:109,7
DA:110,1
DA:111,2
DA:115,1
DA:116,7
DA:117,2
DA:118,2
DA:119,2
DA:120,4
DA:126,2
LF:69
LH:62
end_of_record
SF:/home/f3ath/project/lcov_tracefile/lib/src/source_file.dart
DA:19,1
LF:1
LH:1
end_of_record
